# JRE version: Java(TM) SE Runtime Environment (17.0.10+11) (build 17.0.10+11-LTS-240)
# Java VM: Java HotSpot(TM) 64-Bit Server VM (17.0.10+11-LTS-240, mixed mode, sharing, tiered, compressed oops, compressed class ptrs, g1 gc, windows-amd64)
GC Precious Log:
 CPUs: 4 total, 4 available
 Memory: 3504M
 Large Page Support: Disabled
 NUMA Support: Disabled
 Compressed Oops: Enabled (32-bit)
 Heap Region Size: 1M
 Heap Min Capacity: 8M
 Heap Initial Capacity: 56M
 Heap Max Capacity: 878M
 Pre-touch: Disabled
 Parallel Workers: 4
 Concurrent Workers: 1
 Concurrent Refinement Workers: 4
 Periodic GC: Disabled
Heap:
 garbage-first heap   total 57344K, used 23198K [0x00000000c9200000, 0x0000000100000000)
  region size 1024K, 6 young (6144K), 2 survivors (2048K)
 Metaspace       used 17778K, committed 17984K, reserved 1114112K
  class space    used 1988K, committed 2048K, reserved 1048576K
GC Heap History (6 events):
Event: 2.255 GC heap before
{Heap before GC invocations=0 (full 0):
 garbage-first heap   total 57344K, used 17408K [0x00000000c9200000, 0x0000000100000000)
  region size 1024K, 13 young (13312K), 0 survivors (0K)
 Metaspace       used 7824K, committed 8000K, reserved 1114112K
  class space    used 928K, committed 1024K, reserved 1048576K
}
Event: 2.294 GC heap after
{Heap after GC invocations=1 (full 0):
 garbage-first heap   total 57344K, used 7134K [0x00000000c9200000, 0x0000000100000000)
  region size 1024K, 2 young (2048K), 2 survivors (2048K)
 Metaspace       used 7824K, committed 8000K, reserved 1114112K
  class space    used 928K, committed 1024K, reserved 1048576K
}
Event: 10.560 GC heap before
{Heap before GC invocations=1 (full 0):
 garbage-first heap   total 57344K, used 28638K [0x00000000c9200000, 0x0000000100000000)
  region size 1024K, 15 young (15360K), 2 survivors (2048K)
 Metaspace       used 12889K, committed 13056K, reserved 1114112K
  class space    used 1570K, committed 1664K, reserved 1048576K
}
Event: 10.567 GC heap after
{Heap after GC invocations=2 (full 0):
 garbage-first heap   total 57344K, used 18142K [0x00000000c9200000, 0x0000000100000000)
  region size 1024K, 2 young (2048K), 2 survivors (2048K)
 Metaspace       used 12889K, committed 13056K, reserved 1114112K
  class space    used 1570K, committed 1664K, reserved 1048576K
}
Event: 37.575 GC heap before
{Heap before GC invocations=2 (full 0):
 garbage-first heap   total 57344K, used 33502K [0x00000000c9200000, 0x0000000100000000)
  region size 1024K, 18 young (18432K), 2 survivors (2048K)
 Metaspace       used 17283K, committed 17472K, reserved 1114112K
  class space    used 1932K, committed 2048K, reserved 1048576K
}
Event: 37.582 GC heap after
{Heap after GC invocations=3 (full 0):
 garbage-first heap   total 57344K, used 20126K [0x00000000c9200000, 0x0000000100000000)
  region size 1024K, 2 young (2048K), 2 survivors (2048K)
 Metaspace       used 17283K, committed 17472K, reserved 1114112K
  class space    used 1932K, committed 2048K, reserved 1048576K
}

