# JRE version: Java(TM) SE Runtime Environment (17.0.10+11) (build 17.0.10+11-LTS-240)
# Java VM: Java HotSpot(TM) 64-Bit Server VM (17.0.10+11-LTS-240, mixed mode, sharing, tiered, compressed oops, compressed class ptrs, g1 gc, windows-amd64)
GC Precious Log:
 CPUs: 4 total, 4 available
 Memory: 3504M
 Large Page Support: Disabled
 NUMA Support: Disabled
 Compressed Oops: Enabled (32-bit)
 Heap Region Size: 1M
 Heap Min Capacity: 8M
 Heap Initial Capacity: 56M
 Heap Max Capacity: 878M
 Pre-touch: Disabled
 Parallel Workers: 4
 Concurrent Workers: 1
 Concurrent Refinement Workers: 4
 Periodic GC: Disabled
Heap:
 garbage-first heap   total 57344K, used 34927K [0x00000000c9200000, 0x0000000100000000)
  region size 1024K, 18 young (18432K), 2 survivors (2048K)
 Metaspace       used 17361K, committed 17600K, reserved 1114112K
  class space    used 1891K, committed 1984K, reserved 1048576K
GC Heap History (6 events):
Event: 22.364 GC heap before
{Heap before GC invocations=0 (full 0):
 garbage-first heap   total 57344K, used 13312K [0x00000000c9200000, 0x0000000100000000)
  region size 1024K, 13 young (13312K), 0 survivors (0K)
 Metaspace       used 10748K, committed 10944K, reserved 1114112K
  class space    used 1237K, committed 1344K, reserved 1048576K
}
Event: 22.411 GC heap after
{Heap after GC invocations=1 (full 0):
 garbage-first heap   total 57344K, used 5041K [0x00000000c9200000, 0x0000000100000000)
  region size 1024K, 2 young (2048K), 2 survivors (2048K)
 Metaspace       used 10748K, committed 10944K, reserved 1114112K
  class space    used 1237K, committed 1344K, reserved 1048576K
}
Event: 102.206 GC heap before
{Heap before GC invocations=1 (full 0):
 garbage-first heap   total 57344K, used 16305K [0x00000000c9200000, 0x0000000100000000)
  region size 1024K, 7 young (7168K), 2 survivors (2048K)
 Metaspace       used 12508K, committed 12736K, reserved 1114112K
  class space    used 1353K, committed 1472K, reserved 1048576K
}
Event: 102.217 GC heap after
{Heap after GC invocations=2 (full 0):
 garbage-first heap   total 57344K, used 12069K [0x00000000c9200000, 0x0000000100000000)
  region size 1024K, 1 young (1024K), 1 survivors (1024K)
 Metaspace       used 12508K, committed 12736K, reserved 1114112K
  class space    used 1353K, committed 1472K, reserved 1048576K
}
Event: 110.121 GC heap before
{Heap before GC invocations=2 (full 0):
 garbage-first heap   total 57344K, used 36645K [0x00000000c9200000, 0x0000000100000000)
  region size 1024K, 17 young (17408K), 1 survivors (1024K)
 Metaspace       used 15775K, committed 16000K, reserved 1114112K
  class space    used 1733K, committed 1856K, reserved 1048576K
}
Event: 110.126 GC heap after
{Heap after GC invocations=3 (full 0):
 garbage-first heap   total 57344K, used 19567K [0x00000000c9200000, 0x0000000100000000)
  region size 1024K, 2 young (2048K), 2 survivors (2048K)
 Metaspace       used 15775K, committed 16000K, reserved 1114112K
  class space    used 1733K, committed 1856K, reserved 1048576K
}

